<?xml version="1.0" encoding="UTF-8"?>
<!-- Generated by org.testng.reporters.JUnitXMLReporter -->
<testsuite ignored="5" hostname="Sivam" failures="0" tests="1" name="Test(failed)(failed)" time="9.022" errors="0" timestamp="2024-06-07T10:56:07 IST">
  <testcase classname="execuationPack.ParallelExample" name="amzone" time="8.958"/>
  <testcase classname="execuationPack.ParallelExample" name="flipkart2" time="0.0">
    <ignored/>
  </testcase> <!-- flipkart2 -->
  <testcase classname="execuationPack.ParallelExample" name="flipkart" time="0.0">
    <ignored/>
  </testcase> <!-- flipkart -->
  <testcase classname="execuationPack.ParallelExample" name="snapDeal2" time="0.0">
    <ignored/>
  </testcase> <!-- snapDeal2 -->
  <testcase classname="execuationPack.ParallelExample" name="amzone2" time="0.0">
    <ignored/>
  </testcase> <!-- amzone2 -->
  <testcase classname="execuationPack.ParallelExample" name="snapDeal" time="0.0">
    <ignored/>
  </testcase> <!-- snapDeal -->
</testsuite> <!-- Test(failed)(failed) -->
