<?xml version="1.0" encoding="UTF-8"?>
<testng-results ignored="0" total="100" passed="100" failed="0" skipped="0">
  <reporter-output>
  </reporter-output>
  <suite started-at="2024-06-07T12:16:45 IST" name="Default suite" finished-at="2024-06-07T12:16:46 IST" duration-ms="276">
    <groups>
    </groups>
    <test started-at="2024-06-07T12:16:45 IST" name="Default test" finished-at="2024-06-07T12:16:46 IST" duration-ms="276">
      <class name="execuationPack.FailedTestCaseRetry">
        <test-method signature="testTwo()[pri:0, instance:execuationPack.FailedTestCaseRetry@52719fb6]" started-at="2024-06-07T12:16:45 IST" name="testTwo" finished-at="2024-06-07T12:16:45 IST" duration-ms="12" status="PASS">
          <reporter-output>
          </reporter-output>
        </test-method> <!-- testTwo -->
        <test-method signature="testTwo()[pri:0, instance:execuationPack.FailedTestCaseRetry@52719fb6]" started-at="2024-06-07T12:16:45 IST" name="testTwo" finished-at="2024-06-07T12:16:45 IST" duration-ms="2" status="PASS">
          <reporter-output>
          </reporter-output>
        </test-method> <!-- testTwo -->
        <test-method signature="testTwo()[pri:0, instance:execuationPack.FailedTestCaseRetry@52719fb6]" started-at="2024-06-07T12:16:45 IST" name="testTwo" finished-at="2024-06-07T12:16:45 IST" duration-ms="1" status="PASS">
          <reporter-output>
          </reporter-output>
        </test-method> <!-- testTwo -->
        <test-method signature="testTwo()[pri:0, instance:execuationPack.FailedTestCaseRetry@52719fb6]" started-at="2024-06-07T12:16:45 IST" name="testTwo" finished-at="2024-06-07T12:16:45 IST" duration-ms="1" status="PASS">
          <reporter-output>
          </reporter-output>
        </test-method> <!-- testTwo -->
        <test-method signature="testTwo()[pri:0, instance:execuationPack.FailedTestCaseRetry@52719fb6]" started-at="2024-06-07T12:16:45 IST" name="testTwo" finished-at="2024-06-07T12:16:45 IST" duration-ms="1" status="PASS">
          <reporter-output>
          </reporter-output>
        </test-method> <!-- testTwo -->
        <test-method signature="testTwo()[pri:0, instance:execuationPack.FailedTestCaseRetry@52719fb6]" started-at="2024-06-07T12:16:45 IST" name="testTwo" finished-at="2024-06-07T12:16:45 IST" duration-ms="2" status="PASS">
          <reporter-output>
          </reporter-output>
        </test-method> <!-- testTwo -->
        <test-method signature="testTwo()[pri:0, instance:execuationPack.FailedTestCaseRetry@52719fb6]" started-at="2024-06-07T12:16:45 IST" name="testTwo" finished-at="2024-06-07T12:16:45 IST" duration-ms="1" status="PASS">
          <reporter-output>
          </reporter-output>
        </test-method> <!-- testTwo -->
        <test-method signature="testTwo()[pri:0, instance:execuationPack.FailedTestCaseRetry@52719fb6]" started-at="2024-06-07T12:16:45 IST" name="testTwo" finished-at="2024-06-07T12:16:45 IST" duration-ms="1" status="PASS">
          <reporter-output>
          </reporter-output>
        </test-method> <!-- testTwo -->
        <test-method signature="testTwo()[pri:0, instance:execuationPack.FailedTestCaseRetry@52719fb6]" started-at="2024-06-07T12:16:45 IST" name="testTwo" finished-at="2024-06-07T12:16:45 IST" duration-ms="1" status="PASS">
          <reporter-output>
          </reporter-output>
        </test-method> <!-- testTwo -->
        <test-method signature="testTwo()[pri:0, instance:execuationPack.FailedTestCaseRetry@52719fb6]" started-at="2024-06-07T12:16:45 IST" name="testTwo" finished-at="2024-06-07T12:16:45 IST" duration-ms="1" status="PASS">
          <reporter-output>
          </reporter-output>
        </test-method> <!-- testTwo -->
        <test-method signature="testTwo()[pri:0, instance:execuationPack.FailedTestCaseRetry@52719fb6]" started-at="2024-06-07T12:16:45 IST" name="testTwo" finished-at="2024-06-07T12:16:45 IST" duration-ms="2" status="PASS">
          <reporter-output>
          </reporter-output>
        </test-method> <!-- testTwo -->
        <test-method signature="testTwo()[pri:0, instance:execuationPack.FailedTestCaseRetry@52719fb6]" started-at="2024-06-07T12:16:45 IST" name="testTwo" finished-at="2024-06-07T12:16:45 IST" duration-ms="5" status="PASS">
          <reporter-output>
          </reporter-output>
        </test-method> <!-- testTwo -->
        <test-method signature="testTwo()[pri:0, instance:execuationPack.FailedTestCaseRetry@52719fb6]" started-at="2024-06-07T12:16:45 IST" name="testTwo" finished-at="2024-06-07T12:16:45 IST" duration-ms="1" status="PASS">
          <reporter-output>
          </reporter-output>
        </test-method> <!-- testTwo -->
        <test-method signature="testTwo()[pri:0, instance:execuationPack.FailedTestCaseRetry@52719fb6]" started-at="2024-06-07T12:16:45 IST" name="testTwo" finished-at="2024-06-07T12:16:45 IST" duration-ms="1" status="PASS">
          <reporter-output>
          </reporter-output>
        </test-method> <!-- testTwo -->
        <test-method signature="testTwo()[pri:0, instance:execuationPack.FailedTestCaseRetry@52719fb6]" started-at="2024-06-07T12:16:45 IST" name="testTwo" finished-at="2024-06-07T12:16:45 IST" duration-ms="1" status="PASS">
          <reporter-output>
          </reporter-output>
        </test-method> <!-- testTwo -->
        <test-method signature="testTwo()[pri:0, instance:execuationPack.FailedTestCaseRetry@52719fb6]" started-at="2024-06-07T12:16:45 IST" name="testTwo" finished-at="2024-06-07T12:16:45 IST" duration-ms="1" status="PASS">
          <reporter-output>
          </reporter-output>
        </test-method> <!-- testTwo -->
        <test-method signature="testTwo()[pri:0, instance:execuationPack.FailedTestCaseRetry@52719fb6]" started-at="2024-06-07T12:16:45 IST" name="testTwo" finished-at="2024-06-07T12:16:45 IST" duration-ms="1" status="PASS">
          <reporter-output>
          </reporter-output>
        </test-method> <!-- testTwo -->
        <test-method signature="testTwo()[pri:0, instance:execuationPack.FailedTestCaseRetry@52719fb6]" started-at="2024-06-07T12:16:45 IST" name="testTwo" finished-at="2024-06-07T12:16:45 IST" duration-ms="1" status="PASS">
          <reporter-output>
          </reporter-output>
        </test-method> <!-- testTwo -->
        <test-method signature="testTwo()[pri:0, instance:execuationPack.FailedTestCaseRetry@52719fb6]" started-at="2024-06-07T12:16:45 IST" name="testTwo" finished-at="2024-06-07T12:16:45 IST" duration-ms="1" status="PASS">
          <reporter-output>
          </reporter-output>
        </test-method> <!-- testTwo -->
        <test-method signature="testTwo()[pri:0, instance:execuationPack.FailedTestCaseRetry@52719fb6]" started-at="2024-06-07T12:16:45 IST" name="testTwo" finished-at="2024-06-07T12:16:45 IST" duration-ms="1" status="PASS">
          <reporter-output>
          </reporter-output>
        </test-method> <!-- testTwo -->
        <test-method signature="testTwo()[pri:0, instance:execuationPack.FailedTestCaseRetry@52719fb6]" started-at="2024-06-07T12:16:45 IST" name="testTwo" finished-at="2024-06-07T12:16:45 IST" duration-ms="1" status="PASS">
          <reporter-output>
          </reporter-output>
        </test-method> <!-- testTwo -->
        <test-method signature="testTwo()[pri:0, instance:execuationPack.FailedTestCaseRetry@52719fb6]" started-at="2024-06-07T12:16:45 IST" name="testTwo" finished-at="2024-06-07T12:16:45 IST" duration-ms="1" status="PASS">
          <reporter-output>
          </reporter-output>
        </test-method> <!-- testTwo -->
        <test-method signature="testTwo()[pri:0, instance:execuationPack.FailedTestCaseRetry@52719fb6]" started-at="2024-06-07T12:16:46 IST" name="testTwo" finished-at="2024-06-07T12:16:46 IST" duration-ms="1" status="PASS">
          <reporter-output>
          </reporter-output>
        </test-method> <!-- testTwo -->
        <test-method signature="testTwo()[pri:0, instance:execuationPack.FailedTestCaseRetry@52719fb6]" started-at="2024-06-07T12:16:46 IST" name="testTwo" finished-at="2024-06-07T12:16:46 IST" duration-ms="1" status="PASS">
          <reporter-output>
          </reporter-output>
        </test-method> <!-- testTwo -->
        <test-method signature="testTwo()[pri:0, instance:execuationPack.FailedTestCaseRetry@52719fb6]" started-at="2024-06-07T12:16:46 IST" name="testTwo" finished-at="2024-06-07T12:16:46 IST" duration-ms="2" status="PASS">
          <reporter-output>
          </reporter-output>
        </test-method> <!-- testTwo -->
        <test-method signature="testTwo()[pri:0, instance:execuationPack.FailedTestCaseRetry@52719fb6]" started-at="2024-06-07T12:16:46 IST" name="testTwo" finished-at="2024-06-07T12:16:46 IST" duration-ms="0" status="PASS">
          <reporter-output>
          </reporter-output>
        </test-method> <!-- testTwo -->
        <test-method signature="testTwo()[pri:0, instance:execuationPack.FailedTestCaseRetry@52719fb6]" started-at="2024-06-07T12:16:46 IST" name="testTwo" finished-at="2024-06-07T12:16:46 IST" duration-ms="1" status="PASS">
          <reporter-output>
          </reporter-output>
        </test-method> <!-- testTwo -->
        <test-method signature="testTwo()[pri:0, instance:execuationPack.FailedTestCaseRetry@52719fb6]" started-at="2024-06-07T12:16:46 IST" name="testTwo" finished-at="2024-06-07T12:16:46 IST" duration-ms="1" status="PASS">
          <reporter-output>
          </reporter-output>
        </test-method> <!-- testTwo -->
        <test-method signature="testTwo()[pri:0, instance:execuationPack.FailedTestCaseRetry@52719fb6]" started-at="2024-06-07T12:16:46 IST" name="testTwo" finished-at="2024-06-07T12:16:46 IST" duration-ms="1" status="PASS">
          <reporter-output>
          </reporter-output>
        </test-method> <!-- testTwo -->
        <test-method signature="testTwo()[pri:0, instance:execuationPack.FailedTestCaseRetry@52719fb6]" started-at="2024-06-07T12:16:46 IST" name="testTwo" finished-at="2024-06-07T12:16:46 IST" duration-ms="1" status="PASS">
          <reporter-output>
          </reporter-output>
        </test-method> <!-- testTwo -->
        <test-method signature="testTwo()[pri:0, instance:execuationPack.FailedTestCaseRetry@52719fb6]" started-at="2024-06-07T12:16:46 IST" name="testTwo" finished-at="2024-06-07T12:16:46 IST" duration-ms="1" status="PASS">
          <reporter-output>
          </reporter-output>
        </test-method> <!-- testTwo -->
        <test-method signature="testTwo()[pri:0, instance:execuationPack.FailedTestCaseRetry@52719fb6]" started-at="2024-06-07T12:16:46 IST" name="testTwo" finished-at="2024-06-07T12:16:46 IST" duration-ms="1" status="PASS">
          <reporter-output>
          </reporter-output>
        </test-method> <!-- testTwo -->
        <test-method signature="testTwo()[pri:0, instance:execuationPack.FailedTestCaseRetry@52719fb6]" started-at="2024-06-07T12:16:46 IST" name="testTwo" finished-at="2024-06-07T12:16:46 IST" duration-ms="2" status="PASS">
          <reporter-output>
          </reporter-output>
        </test-method> <!-- testTwo -->
        <test-method signature="testTwo()[pri:0, instance:execuationPack.FailedTestCaseRetry@52719fb6]" started-at="2024-06-07T12:16:46 IST" name="testTwo" finished-at="2024-06-07T12:16:46 IST" duration-ms="1" status="PASS">
          <reporter-output>
          </reporter-output>
        </test-method> <!-- testTwo -->
        <test-method signature="testTwo()[pri:0, instance:execuationPack.FailedTestCaseRetry@52719fb6]" started-at="2024-06-07T12:16:46 IST" name="testTwo" finished-at="2024-06-07T12:16:46 IST" duration-ms="0" status="PASS">
          <reporter-output>
          </reporter-output>
        </test-method> <!-- testTwo -->
        <test-method signature="testTwo()[pri:0, instance:execuationPack.FailedTestCaseRetry@52719fb6]" started-at="2024-06-07T12:16:46 IST" name="testTwo" finished-at="2024-06-07T12:16:46 IST" duration-ms="1" status="PASS">
          <reporter-output>
          </reporter-output>
        </test-method> <!-- testTwo -->
        <test-method signature="testTwo()[pri:0, instance:execuationPack.FailedTestCaseRetry@52719fb6]" started-at="2024-06-07T12:16:46 IST" name="testTwo" finished-at="2024-06-07T12:16:46 IST" duration-ms="1" status="PASS">
          <reporter-output>
          </reporter-output>
        </test-method> <!-- testTwo -->
        <test-method signature="testTwo()[pri:0, instance:execuationPack.FailedTestCaseRetry@52719fb6]" started-at="2024-06-07T12:16:46 IST" name="testTwo" finished-at="2024-06-07T12:16:46 IST" duration-ms="1" status="PASS">
          <reporter-output>
          </reporter-output>
        </test-method> <!-- testTwo -->
        <test-method signature="testTwo()[pri:0, instance:execuationPack.FailedTestCaseRetry@52719fb6]" started-at="2024-06-07T12:16:46 IST" name="testTwo" finished-at="2024-06-07T12:16:46 IST" duration-ms="0" status="PASS">
          <reporter-output>
          </reporter-output>
        </test-method> <!-- testTwo -->
        <test-method signature="testTwo()[pri:0, instance:execuationPack.FailedTestCaseRetry@52719fb6]" started-at="2024-06-07T12:16:46 IST" name="testTwo" finished-at="2024-06-07T12:16:46 IST" duration-ms="1" status="PASS">
          <reporter-output>
          </reporter-output>
        </test-method> <!-- testTwo -->
        <test-method signature="testTwo()[pri:0, instance:execuationPack.FailedTestCaseRetry@52719fb6]" started-at="2024-06-07T12:16:46 IST" name="testTwo" finished-at="2024-06-07T12:16:46 IST" duration-ms="1" status="PASS">
          <reporter-output>
          </reporter-output>
        </test-method> <!-- testTwo -->
        <test-method signature="testTwo()[pri:0, instance:execuationPack.FailedTestCaseRetry@52719fb6]" started-at="2024-06-07T12:16:46 IST" name="testTwo" finished-at="2024-06-07T12:16:46 IST" duration-ms="1" status="PASS">
          <reporter-output>
          </reporter-output>
        </test-method> <!-- testTwo -->
        <test-method signature="testTwo()[pri:0, instance:execuationPack.FailedTestCaseRetry@52719fb6]" started-at="2024-06-07T12:16:46 IST" name="testTwo" finished-at="2024-06-07T12:16:46 IST" duration-ms="0" status="PASS">
          <reporter-output>
          </reporter-output>
        </test-method> <!-- testTwo -->
        <test-method signature="testTwo()[pri:0, instance:execuationPack.FailedTestCaseRetry@52719fb6]" started-at="2024-06-07T12:16:46 IST" name="testTwo" finished-at="2024-06-07T12:16:46 IST" duration-ms="1" status="PASS">
          <reporter-output>
          </reporter-output>
        </test-method> <!-- testTwo -->
        <test-method signature="testTwo()[pri:0, instance:execuationPack.FailedTestCaseRetry@52719fb6]" started-at="2024-06-07T12:16:46 IST" name="testTwo" finished-at="2024-06-07T12:16:46 IST" duration-ms="0" status="PASS">
          <reporter-output>
          </reporter-output>
        </test-method> <!-- testTwo -->
        <test-method signature="testTwo()[pri:0, instance:execuationPack.FailedTestCaseRetry@52719fb6]" started-at="2024-06-07T12:16:46 IST" name="testTwo" finished-at="2024-06-07T12:16:46 IST" duration-ms="1" status="PASS">
          <reporter-output>
          </reporter-output>
        </test-method> <!-- testTwo -->
        <test-method signature="testTwo()[pri:0, instance:execuationPack.FailedTestCaseRetry@52719fb6]" started-at="2024-06-07T12:16:46 IST" name="testTwo" finished-at="2024-06-07T12:16:46 IST" duration-ms="1" status="PASS">
          <reporter-output>
          </reporter-output>
        </test-method> <!-- testTwo -->
        <test-method signature="testTwo()[pri:0, instance:execuationPack.FailedTestCaseRetry@52719fb6]" started-at="2024-06-07T12:16:46 IST" name="testTwo" finished-at="2024-06-07T12:16:46 IST" duration-ms="1" status="PASS">
          <reporter-output>
          </reporter-output>
        </test-method> <!-- testTwo -->
        <test-method signature="testTwo()[pri:0, instance:execuationPack.FailedTestCaseRetry@52719fb6]" started-at="2024-06-07T12:16:46 IST" name="testTwo" finished-at="2024-06-07T12:16:46 IST" duration-ms="1" status="PASS">
          <reporter-output>
          </reporter-output>
        </test-method> <!-- testTwo -->
        <test-method signature="testTwo()[pri:0, instance:execuationPack.FailedTestCaseRetry@52719fb6]" started-at="2024-06-07T12:16:46 IST" name="testTwo" finished-at="2024-06-07T12:16:46 IST" duration-ms="1" status="PASS">
          <reporter-output>
          </reporter-output>
        </test-method> <!-- testTwo -->
        <test-method signature="testTwo()[pri:0, instance:execuationPack.FailedTestCaseRetry@52719fb6]" started-at="2024-06-07T12:16:46 IST" name="testTwo" finished-at="2024-06-07T12:16:46 IST" duration-ms="1" status="PASS">
          <reporter-output>
          </reporter-output>
        </test-method> <!-- testTwo -->
        <test-method signature="testTwo()[pri:0, instance:execuationPack.FailedTestCaseRetry@52719fb6]" started-at="2024-06-07T12:16:46 IST" name="testTwo" finished-at="2024-06-07T12:16:46 IST" duration-ms="1" status="PASS">
          <reporter-output>
          </reporter-output>
        </test-method> <!-- testTwo -->
        <test-method signature="testTwo()[pri:0, instance:execuationPack.FailedTestCaseRetry@52719fb6]" started-at="2024-06-07T12:16:46 IST" name="testTwo" finished-at="2024-06-07T12:16:46 IST" duration-ms="1" status="PASS">
          <reporter-output>
          </reporter-output>
        </test-method> <!-- testTwo -->
        <test-method signature="testTwo()[pri:0, instance:execuationPack.FailedTestCaseRetry@52719fb6]" started-at="2024-06-07T12:16:46 IST" name="testTwo" finished-at="2024-06-07T12:16:46 IST" duration-ms="0" status="PASS">
          <reporter-output>
          </reporter-output>
        </test-method> <!-- testTwo -->
        <test-method signature="testTwo()[pri:0, instance:execuationPack.FailedTestCaseRetry@52719fb6]" started-at="2024-06-07T12:16:46 IST" name="testTwo" finished-at="2024-06-07T12:16:46 IST" duration-ms="0" status="PASS">
          <reporter-output>
          </reporter-output>
        </test-method> <!-- testTwo -->
        <test-method signature="testTwo()[pri:0, instance:execuationPack.FailedTestCaseRetry@52719fb6]" started-at="2024-06-07T12:16:46 IST" name="testTwo" finished-at="2024-06-07T12:16:46 IST" duration-ms="0" status="PASS">
          <reporter-output>
          </reporter-output>
        </test-method> <!-- testTwo -->
        <test-method signature="testTwo()[pri:0, instance:execuationPack.FailedTestCaseRetry@52719fb6]" started-at="2024-06-07T12:16:46 IST" name="testTwo" finished-at="2024-06-07T12:16:46 IST" duration-ms="1" status="PASS">
          <reporter-output>
          </reporter-output>
        </test-method> <!-- testTwo -->
        <test-method signature="testTwo()[pri:0, instance:execuationPack.FailedTestCaseRetry@52719fb6]" started-at="2024-06-07T12:16:46 IST" name="testTwo" finished-at="2024-06-07T12:16:46 IST" duration-ms="1" status="PASS">
          <reporter-output>
          </reporter-output>
        </test-method> <!-- testTwo -->
        <test-method signature="testTwo()[pri:0, instance:execuationPack.FailedTestCaseRetry@52719fb6]" started-at="2024-06-07T12:16:46 IST" name="testTwo" finished-at="2024-06-07T12:16:46 IST" duration-ms="1" status="PASS">
          <reporter-output>
          </reporter-output>
        </test-method> <!-- testTwo -->
        <test-method signature="testTwo()[pri:0, instance:execuationPack.FailedTestCaseRetry@52719fb6]" started-at="2024-06-07T12:16:46 IST" name="testTwo" finished-at="2024-06-07T12:16:46 IST" duration-ms="1" status="PASS">
          <reporter-output>
          </reporter-output>
        </test-method> <!-- testTwo -->
        <test-method signature="testTwo()[pri:0, instance:execuationPack.FailedTestCaseRetry@52719fb6]" started-at="2024-06-07T12:16:46 IST" name="testTwo" finished-at="2024-06-07T12:16:46 IST" duration-ms="1" status="PASS">
          <reporter-output>
          </reporter-output>
        </test-method> <!-- testTwo -->
        <test-method signature="testTwo()[pri:0, instance:execuationPack.FailedTestCaseRetry@52719fb6]" started-at="2024-06-07T12:16:46 IST" name="testTwo" finished-at="2024-06-07T12:16:46 IST" duration-ms="1" status="PASS">
          <reporter-output>
          </reporter-output>
        </test-method> <!-- testTwo -->
        <test-method signature="testTwo()[pri:0, instance:execuationPack.FailedTestCaseRetry@52719fb6]" started-at="2024-06-07T12:16:46 IST" name="testTwo" finished-at="2024-06-07T12:16:46 IST" duration-ms="0" status="PASS">
          <reporter-output>
          </reporter-output>
        </test-method> <!-- testTwo -->
        <test-method signature="testTwo()[pri:0, instance:execuationPack.FailedTestCaseRetry@52719fb6]" started-at="2024-06-07T12:16:46 IST" name="testTwo" finished-at="2024-06-07T12:16:46 IST" duration-ms="1" status="PASS">
          <reporter-output>
          </reporter-output>
        </test-method> <!-- testTwo -->
        <test-method signature="testTwo()[pri:0, instance:execuationPack.FailedTestCaseRetry@52719fb6]" started-at="2024-06-07T12:16:46 IST" name="testTwo" finished-at="2024-06-07T12:16:46 IST" duration-ms="0" status="PASS">
          <reporter-output>
          </reporter-output>
        </test-method> <!-- testTwo -->
        <test-method signature="testTwo()[pri:0, instance:execuationPack.FailedTestCaseRetry@52719fb6]" started-at="2024-06-07T12:16:46 IST" name="testTwo" finished-at="2024-06-07T12:16:46 IST" duration-ms="1" status="PASS">
          <reporter-output>
          </reporter-output>
        </test-method> <!-- testTwo -->
        <test-method signature="testTwo()[pri:0, instance:execuationPack.FailedTestCaseRetry@52719fb6]" started-at="2024-06-07T12:16:46 IST" name="testTwo" finished-at="2024-06-07T12:16:46 IST" duration-ms="0" status="PASS">
          <reporter-output>
          </reporter-output>
        </test-method> <!-- testTwo -->
        <test-method signature="testTwo()[pri:0, instance:execuationPack.FailedTestCaseRetry@52719fb6]" started-at="2024-06-07T12:16:46 IST" name="testTwo" finished-at="2024-06-07T12:16:46 IST" duration-ms="1" status="PASS">
          <reporter-output>
          </reporter-output>
        </test-method> <!-- testTwo -->
        <test-method signature="testTwo()[pri:0, instance:execuationPack.FailedTestCaseRetry@52719fb6]" started-at="2024-06-07T12:16:46 IST" name="testTwo" finished-at="2024-06-07T12:16:46 IST" duration-ms="1" status="PASS">
          <reporter-output>
          </reporter-output>
        </test-method> <!-- testTwo -->
        <test-method signature="testTwo()[pri:0, instance:execuationPack.FailedTestCaseRetry@52719fb6]" started-at="2024-06-07T12:16:46 IST" name="testTwo" finished-at="2024-06-07T12:16:46 IST" duration-ms="1" status="PASS">
          <reporter-output>
          </reporter-output>
        </test-method> <!-- testTwo -->
        <test-method signature="testTwo()[pri:0, instance:execuationPack.FailedTestCaseRetry@52719fb6]" started-at="2024-06-07T12:16:46 IST" name="testTwo" finished-at="2024-06-07T12:16:46 IST" duration-ms="2" status="PASS">
          <reporter-output>
          </reporter-output>
        </test-method> <!-- testTwo -->
        <test-method signature="testTwo()[pri:0, instance:execuationPack.FailedTestCaseRetry@52719fb6]" started-at="2024-06-07T12:16:46 IST" name="testTwo" finished-at="2024-06-07T12:16:46 IST" duration-ms="0" status="PASS">
          <reporter-output>
          </reporter-output>
        </test-method> <!-- testTwo -->
        <test-method signature="testTwo()[pri:0, instance:execuationPack.FailedTestCaseRetry@52719fb6]" started-at="2024-06-07T12:16:46 IST" name="testTwo" finished-at="2024-06-07T12:16:46 IST" duration-ms="0" status="PASS">
          <reporter-output>
          </reporter-output>
        </test-method> <!-- testTwo -->
        <test-method signature="testTwo()[pri:0, instance:execuationPack.FailedTestCaseRetry@52719fb6]" started-at="2024-06-07T12:16:46 IST" name="testTwo" finished-at="2024-06-07T12:16:46 IST" duration-ms="0" status="PASS">
          <reporter-output>
          </reporter-output>
        </test-method> <!-- testTwo -->
        <test-method signature="testTwo()[pri:0, instance:execuationPack.FailedTestCaseRetry@52719fb6]" started-at="2024-06-07T12:16:46 IST" name="testTwo" finished-at="2024-06-07T12:16:46 IST" duration-ms="0" status="PASS">
          <reporter-output>
          </reporter-output>
        </test-method> <!-- testTwo -->
        <test-method signature="testTwo()[pri:0, instance:execuationPack.FailedTestCaseRetry@52719fb6]" started-at="2024-06-07T12:16:46 IST" name="testTwo" finished-at="2024-06-07T12:16:46 IST" duration-ms="0" status="PASS">
          <reporter-output>
          </reporter-output>
        </test-method> <!-- testTwo -->
        <test-method signature="testTwo()[pri:0, instance:execuationPack.FailedTestCaseRetry@52719fb6]" started-at="2024-06-07T12:16:46 IST" name="testTwo" finished-at="2024-06-07T12:16:46 IST" duration-ms="0" status="PASS">
          <reporter-output>
          </reporter-output>
        </test-method> <!-- testTwo -->
        <test-method signature="testTwo()[pri:0, instance:execuationPack.FailedTestCaseRetry@52719fb6]" started-at="2024-06-07T12:16:46 IST" name="testTwo" finished-at="2024-06-07T12:16:46 IST" duration-ms="0" status="PASS">
          <reporter-output>
          </reporter-output>
        </test-method> <!-- testTwo -->
        <test-method signature="testTwo()[pri:0, instance:execuationPack.FailedTestCaseRetry@52719fb6]" started-at="2024-06-07T12:16:46 IST" name="testTwo" finished-at="2024-06-07T12:16:46 IST" duration-ms="0" status="PASS">
          <reporter-output>
          </reporter-output>
        </test-method> <!-- testTwo -->
        <test-method signature="testTwo()[pri:0, instance:execuationPack.FailedTestCaseRetry@52719fb6]" started-at="2024-06-07T12:16:46 IST" name="testTwo" finished-at="2024-06-07T12:16:46 IST" duration-ms="0" status="PASS">
          <reporter-output>
          </reporter-output>
        </test-method> <!-- testTwo -->
        <test-method signature="testTwo()[pri:0, instance:execuationPack.FailedTestCaseRetry@52719fb6]" started-at="2024-06-07T12:16:46 IST" name="testTwo" finished-at="2024-06-07T12:16:46 IST" duration-ms="0" status="PASS">
          <reporter-output>
          </reporter-output>
        </test-method> <!-- testTwo -->
        <test-method signature="testTwo()[pri:0, instance:execuationPack.FailedTestCaseRetry@52719fb6]" started-at="2024-06-07T12:16:46 IST" name="testTwo" finished-at="2024-06-07T12:16:46 IST" duration-ms="0" status="PASS">
          <reporter-output>
          </reporter-output>
        </test-method> <!-- testTwo -->
        <test-method signature="testTwo()[pri:0, instance:execuationPack.FailedTestCaseRetry@52719fb6]" started-at="2024-06-07T12:16:46 IST" name="testTwo" finished-at="2024-06-07T12:16:46 IST" duration-ms="0" status="PASS">
          <reporter-output>
          </reporter-output>
        </test-method> <!-- testTwo -->
        <test-method signature="testTwo()[pri:0, instance:execuationPack.FailedTestCaseRetry@52719fb6]" started-at="2024-06-07T12:16:46 IST" name="testTwo" finished-at="2024-06-07T12:16:46 IST" duration-ms="0" status="PASS">
          <reporter-output>
          </reporter-output>
        </test-method> <!-- testTwo -->
        <test-method signature="testTwo()[pri:0, instance:execuationPack.FailedTestCaseRetry@52719fb6]" started-at="2024-06-07T12:16:46 IST" name="testTwo" finished-at="2024-06-07T12:16:46 IST" duration-ms="0" status="PASS">
          <reporter-output>
          </reporter-output>
        </test-method> <!-- testTwo -->
        <test-method signature="testTwo()[pri:0, instance:execuationPack.FailedTestCaseRetry@52719fb6]" started-at="2024-06-07T12:16:46 IST" name="testTwo" finished-at="2024-06-07T12:16:46 IST" duration-ms="1" status="PASS">
          <reporter-output>
          </reporter-output>
        </test-method> <!-- testTwo -->
        <test-method signature="testTwo()[pri:0, instance:execuationPack.FailedTestCaseRetry@52719fb6]" started-at="2024-06-07T12:16:46 IST" name="testTwo" finished-at="2024-06-07T12:16:46 IST" duration-ms="0" status="PASS">
          <reporter-output>
          </reporter-output>
        </test-method> <!-- testTwo -->
        <test-method signature="testTwo()[pri:0, instance:execuationPack.FailedTestCaseRetry@52719fb6]" started-at="2024-06-07T12:16:46 IST" name="testTwo" finished-at="2024-06-07T12:16:46 IST" duration-ms="1" status="PASS">
          <reporter-output>
          </reporter-output>
        </test-method> <!-- testTwo -->
        <test-method signature="testTwo()[pri:0, instance:execuationPack.FailedTestCaseRetry@52719fb6]" started-at="2024-06-07T12:16:46 IST" name="testTwo" finished-at="2024-06-07T12:16:46 IST" duration-ms="1" status="PASS">
          <reporter-output>
          </reporter-output>
        </test-method> <!-- testTwo -->
        <test-method signature="testTwo()[pri:0, instance:execuationPack.FailedTestCaseRetry@52719fb6]" started-at="2024-06-07T12:16:46 IST" name="testTwo" finished-at="2024-06-07T12:16:46 IST" duration-ms="0" status="PASS">
          <reporter-output>
          </reporter-output>
        </test-method> <!-- testTwo -->
        <test-method signature="testTwo()[pri:0, instance:execuationPack.FailedTestCaseRetry@52719fb6]" started-at="2024-06-07T12:16:46 IST" name="testTwo" finished-at="2024-06-07T12:16:46 IST" duration-ms="1" status="PASS">
          <reporter-output>
          </reporter-output>
        </test-method> <!-- testTwo -->
        <test-method signature="testTwo()[pri:0, instance:execuationPack.FailedTestCaseRetry@52719fb6]" started-at="2024-06-07T12:16:46 IST" name="testTwo" finished-at="2024-06-07T12:16:46 IST" duration-ms="4" status="PASS">
          <reporter-output>
          </reporter-output>
        </test-method> <!-- testTwo -->
        <test-method signature="testTwo()[pri:0, instance:execuationPack.FailedTestCaseRetry@52719fb6]" started-at="2024-06-07T12:16:46 IST" name="testTwo" finished-at="2024-06-07T12:16:46 IST" duration-ms="2" status="PASS">
          <reporter-output>
          </reporter-output>
        </test-method> <!-- testTwo -->
        <test-method signature="testTwo()[pri:0, instance:execuationPack.FailedTestCaseRetry@52719fb6]" started-at="2024-06-07T12:16:46 IST" name="testTwo" finished-at="2024-06-07T12:16:46 IST" duration-ms="0" status="PASS">
          <reporter-output>
          </reporter-output>
        </test-method> <!-- testTwo -->
        <test-method signature="testTwo()[pri:0, instance:execuationPack.FailedTestCaseRetry@52719fb6]" started-at="2024-06-07T12:16:46 IST" name="testTwo" finished-at="2024-06-07T12:16:46 IST" duration-ms="1" status="PASS">
          <reporter-output>
          </reporter-output>
        </test-method> <!-- testTwo -->
        <test-method signature="testTwo()[pri:0, instance:execuationPack.FailedTestCaseRetry@52719fb6]" started-at="2024-06-07T12:16:46 IST" name="testTwo" finished-at="2024-06-07T12:16:46 IST" duration-ms="1" status="PASS">
          <reporter-output>
          </reporter-output>
        </test-method> <!-- testTwo -->
        <test-method signature="testTwo()[pri:0, instance:execuationPack.FailedTestCaseRetry@52719fb6]" started-at="2024-06-07T12:16:46 IST" name="testTwo" finished-at="2024-06-07T12:16:46 IST" duration-ms="0" status="PASS">
          <reporter-output>
          </reporter-output>
        </test-method> <!-- testTwo -->
        <test-method signature="testTwo()[pri:0, instance:execuationPack.FailedTestCaseRetry@52719fb6]" started-at="2024-06-07T12:16:46 IST" name="testTwo" finished-at="2024-06-07T12:16:46 IST" duration-ms="0" status="PASS">
          <reporter-output>
          </reporter-output>
        </test-method> <!-- testTwo -->
        <test-method signature="testTwo()[pri:0, instance:execuationPack.FailedTestCaseRetry@52719fb6]" started-at="2024-06-07T12:16:46 IST" name="testTwo" finished-at="2024-06-07T12:16:46 IST" duration-ms="1" status="PASS">
          <reporter-output>
          </reporter-output>
        </test-method> <!-- testTwo -->
        <test-method signature="testTwo()[pri:0, instance:execuationPack.FailedTestCaseRetry@52719fb6]" started-at="2024-06-07T12:16:46 IST" name="testTwo" finished-at="2024-06-07T12:16:46 IST" duration-ms="0" status="PASS">
          <reporter-output>
          </reporter-output>
        </test-method> <!-- testTwo -->
      </class> <!-- execuationPack.FailedTestCaseRetry -->
    </test> <!-- Default test -->
  </suite> <!-- Default suite -->
</testng-results>
